Using pre-set license
Built from '2020.3/staging' branch; Version is '2020.3.4f1 (0abb6314276a) revision 703331'; Using compiler version '192528614'; Build Type 'Release'
OS: 'Windows 10 Pro; OS build 19041.1110; Version 2004; 64bit' Language: 'en' Physical Memory: 16252 MB
BatchMode: 1, IsHumanControllingUs: 0, StartBugReporterOnCrash: 0, Is64bit: 1, IsPro: 0

 COMMAND LINE ARGUMENTS:
C:\Program Files\Unity\Hub\Editor\2020.3.4f1\Editor\Unity.exe
-adb2
-batchMode
-noUpm
-name
AssetImportWorker0
-projectPath
D:/Projects/Kernmodule4_Multiplayer
-logFile
Logs/AssetImportWorker0.log
-srvPort
57155
Successfully changed project path to: D:/Projects/Kernmodule4_Multiplayer
D:/Projects/Kernmodule4_Multiplayer
Using Asset Import Pipeline V2.
Refreshing native plugins compatible for Editor in 29.17 ms, found 0 plugins.
Preloading 0 native plugins for Editor in 0.00 ms.
Initialize engine version: 2020.3.4f1 (0abb6314276a)
[Subsystems] Discovering subsystems at path C:/Program Files/Unity/Hub/Editor/2020.3.4f1/Editor/Data/Resources/UnitySubsystems
[Subsystems] Discovering subsystems at path D:/Projects/Kernmodule4_Multiplayer/Assets
GfxDevice: creating device client; threaded=0
Direct3D:
    Version:  Direct3D 11.0 [level 11.1]
    Renderer: NVIDIA GeForce GTX 1080 Ti (ID=0x1b06)
    Vendor:   
    VRAM:     11127 MB
    Driver:   27.21.14.6589
Initialize mono
Mono path[0] = 'C:/Program Files/Unity/Hub/Editor/2020.3.4f1/Editor/Data/Managed'
Mono path[1] = 'C:/Program Files/Unity/Hub/Editor/2020.3.4f1/Editor/Data/MonoBleedingEdge/lib/mono/unityjit'
Mono config path = 'C:/Program Files/Unity/Hub/Editor/2020.3.4f1/Editor/Data/MonoBleedingEdge/etc'
Using monoOptions --debugger-agent=transport=dt_socket,embedding=1,server=y,suspend=n,address=127.0.0.1:56284
Begin MonoManager ReloadAssembly
Registering precompiled unity dll's ...
Register platform support module: C:/Program Files/Unity/Hub/Editor/2020.3.4f1/Editor/Data/PlaybackEngines/WindowsStandaloneSupport/UnityEditor.WindowsStandalone.Extensions.dll
Registered in 0.003013 seconds.
Native extension for WindowsStandalone target not found
Refreshing native plugins compatible for Editor in 29.76 ms, found 0 plugins.
Preloading 0 native plugins for Editor in 0.00 ms.
Mono: successfully reloaded assembly
- Completed reload, in  1.599 seconds
Platform modules already initialized, skipping
Registering precompiled user dll's ...
Registered in 0.032440 seconds.
Begin MonoManager ReloadAssembly
Native extension for WindowsStandalone target not found
Refreshing native plugins compatible for Editor in 0.42 ms, found 0 plugins.
Preloading 0 native plugins for Editor in 0.00 ms.
Mono: successfully reloaded assembly
- Completed reload, in  2.461 seconds
Platform modules already initialized, skipping
========================================================================
Worker process is ready to serve import requests
Launched and connected shader compiler UnityShaderCompiler.exe after 0.08 seconds
Refreshing native plugins compatible for Editor in 0.29 ms, found 0 plugins.
Preloading 0 native plugins for Editor in 0.00 ms.
Unloading 1639 Unused Serialized files (Serialized files now loaded: 0)
System memory in use before: 83.7 MB.
System memory in use after: 83.7 MB.

Unloading 17 unused Assets to reduce memory usage. Loaded Objects now: 2078.
Total: 3.542100 ms (FindLiveObjects: 0.352700 ms CreateObjectMapping: 0.127500 ms MarkObjects: 2.909600 ms  DeleteObjects: 0.150900 ms)

========================================================================
Received Import Request.
  path: Assets/Scripts/GameManager.cs
  artifactKey: Guid(95504ca606cd2d644947dc046913212a) Importer(815301076,1909f56bfc062723c751e8b465ee728b)
Start importing Assets/Scripts/GameManager.cs using Guid(95504ca606cd2d644947dc046913212a) Importer(815301076,1909f56bfc062723c751e8b465ee728b)  -> (artifact id: '2377ec48fd032a37fe44c1fa237014ee') in 0.133864 seconds
  Import took 0.154037 seconds .

========================================================================
Received Prepare
Registering precompiled user dll's ...
Registered in 0.002749 seconds.
Begin MonoManager ReloadAssembly
Native extension for WindowsStandalone target not found
Refreshing native plugins compatible for Editor in 0.90 ms, found 0 plugins.
Preloading 0 native plugins for Editor in 0.00 ms.
Mono: successfully reloaded assembly
- Completed reload, in  1.162 seconds
Platform modules already initialized, skipping
Refreshing native plugins compatible for Editor in 0.25 ms, found 0 plugins.
Preloading 0 native plugins for Editor in 0.00 ms.
Unloading 1633 Unused Serialized files (Serialized files now loaded: 0)
System memory in use before: 83.5 MB.
System memory in use after: 83.6 MB.

Unloading 11 unused Assets to reduce memory usage. Loaded Objects now: 2084.
Total: 1.751600 ms (FindLiveObjects: 0.146100 ms CreateObjectMapping: 0.048700 ms MarkObjects: 1.511000 ms  DeleteObjects: 0.044600 ms)

========================================================================
Received Import Request.
  Time since last request: 24.466900 seconds.
  path: Assets/Scripts/GameManager.cs
  artifactKey: Guid(95504ca606cd2d644947dc046913212a) Importer(815301076,1909f56bfc062723c751e8b465ee728b)
Start importing Assets/Scripts/GameManager.cs using Guid(95504ca606cd2d644947dc046913212a) Importer(815301076,1909f56bfc062723c751e8b465ee728b)  -> (artifact id: '478c3c266a65aca8f8c9482216ad9107') in 0.005228 seconds
  Import took 0.017490 seconds .

========================================================================
Received Prepare
Registering precompiled user dll's ...
Registered in 0.002473 seconds.
Begin MonoManager ReloadAssembly
Native extension for WindowsStandalone target not found
Refreshing native plugins compatible for Editor in 0.26 ms, found 0 plugins.
Preloading 0 native plugins for Editor in 0.00 ms.
Mono: successfully reloaded assembly
- Completed reload, in  0.900 seconds
Platform modules already initialized, skipping
Refreshing native plugins compatible for Editor in 0.28 ms, found 0 plugins.
Preloading 0 native plugins for Editor in 0.00 ms.
Unloading 1633 Unused Serialized files (Serialized files now loaded: 0)
System memory in use before: 83.5 MB.
System memory in use after: 83.6 MB.

Unloading 11 unused Assets to reduce memory usage. Loaded Objects now: 2089.
Total: 1.814100 ms (FindLiveObjects: 0.153600 ms CreateObjectMapping: 0.052300 ms MarkObjects: 1.562300 ms  DeleteObjects: 0.044500 ms)

========================================================================
Received Prepare
Registering precompiled user dll's ...
Registered in 0.002469 seconds.
Begin MonoManager ReloadAssembly
Native extension for WindowsStandalone target not found
Refreshing native plugins compatible for Editor in 0.26 ms, found 0 plugins.
Preloading 0 native plugins for Editor in 0.00 ms.
Mono: successfully reloaded assembly
- Completed reload, in  0.894 seconds
Platform modules already initialized, skipping
Refreshing native plugins compatible for Editor in 0.25 ms, found 0 plugins.
Preloading 0 native plugins for Editor in 0.00 ms.
Unloading 1633 Unused Serialized files (Serialized files now loaded: 0)
System memory in use before: 83.6 MB.
System memory in use after: 83.6 MB.

Unloading 11 unused Assets to reduce memory usage. Loaded Objects now: 2094.
Total: 1.900900 ms (FindLiveObjects: 0.152100 ms CreateObjectMapping: 0.051100 ms MarkObjects: 1.649900 ms  DeleteObjects: 0.046700 ms)

========================================================================
Received Prepare
Registering precompiled user dll's ...
Registered in 0.003319 seconds.
Begin MonoManager ReloadAssembly
Native extension for WindowsStandalone target not found
Refreshing native plugins compatible for Editor in 0.56 ms, found 0 plugins.
Preloading 0 native plugins for Editor in 0.00 ms.
Mono: successfully reloaded assembly
- Completed reload, in  1.171 seconds
Platform modules already initialized, skipping
Refreshing native plugins compatible for Editor in 0.25 ms, found 0 plugins.
Preloading 0 native plugins for Editor in 0.00 ms.
Unloading 1632 Unused Serialized files (Serialized files now loaded: 0)
System memory in use before: 83.6 MB.
System memory in use after: 83.6 MB.

Unloading 12 unused Assets to reduce memory usage. Loaded Objects now: 2098.
Total: 2.025500 ms (FindLiveObjects: 0.182500 ms CreateObjectMapping: 0.058500 ms MarkObjects: 1.731800 ms  DeleteObjects: 0.051300 ms)

========================================================================
Received Import Request.
  Time since last request: 49.310014 seconds.
  path: Assets/Scripts/ServerManager.cs
  artifactKey: Guid(53160e0c613217f4f9a429aa134840a7) Importer(815301076,1909f56bfc062723c751e8b465ee728b)
Start importing Assets/Scripts/ServerManager.cs using Guid(53160e0c613217f4f9a429aa134840a7) Importer(815301076,1909f56bfc062723c751e8b465ee728b)  -> (artifact id: '931af0a904dbd9c27b829b530d269822') in 0.013273 seconds
  Import took 0.016770 seconds .

========================================================================
Received Prepare
Registering precompiled user dll's ...
Registered in 0.003060 seconds.
Begin MonoManager ReloadAssembly
Native extension for WindowsStandalone target not found
Refreshing native plugins compatible for Editor in 0.26 ms, found 0 plugins.
Preloading 0 native plugins for Editor in 0.00 ms.
Mono: successfully reloaded assembly
- Completed reload, in  1.207 seconds
Platform modules already initialized, skipping
Refreshing native plugins compatible for Editor in 0.27 ms, found 0 plugins.
Preloading 0 native plugins for Editor in 0.00 ms.
Unloading 1633 Unused Serialized files (Serialized files now loaded: 0)
System memory in use before: 83.6 MB.
System memory in use after: 83.7 MB.

Unloading 11 unused Assets to reduce memory usage. Loaded Objects now: 2104.
Total: 2.479400 ms (FindLiveObjects: 0.168900 ms CreateObjectMapping: 0.084300 ms MarkObjects: 2.133400 ms  DeleteObjects: 0.091600 ms)

