Using pre-set license
Built from '2020.3/staging' branch; Version is '2020.3.4f1 (0abb6314276a) revision 703331'; Using compiler version '192528614'; Build Type 'Release'
OS: 'Windows 10 Pro; OS build 19041.985; Version 2004; 64bit' Language: 'en' Physical Memory: 16252 MB
BatchMode: 1, IsHumanControllingUs: 0, StartBugReporterOnCrash: 0, Is64bit: 1, IsPro: 0

 COMMAND LINE ARGUMENTS:
C:\Program Files\Unity\Hub\Editor\2020.3.4f1\Editor\Unity.exe
-adb2
-batchMode
-noUpm
-name
AssetImportWorker0
-projectPath
D:/Projects/Kernmodule4_Multiplayer
-logFile
Logs/AssetImportWorker0.log
-srvPort
58498
Successfully changed project path to: D:/Projects/Kernmodule4_Multiplayer
D:/Projects/Kernmodule4_Multiplayer
Using Asset Import Pipeline V2.
Refreshing native plugins compatible for Editor in 49.33 ms, found 0 plugins.
Preloading 0 native plugins for Editor in 0.00 ms.
Initialize engine version: 2020.3.4f1 (0abb6314276a)
[Subsystems] Discovering subsystems at path C:/Program Files/Unity/Hub/Editor/2020.3.4f1/Editor/Data/Resources/UnitySubsystems
[Subsystems] Discovering subsystems at path D:/Projects/Kernmodule4_Multiplayer/Assets
GfxDevice: creating device client; threaded=0
Direct3D:
    Version:  Direct3D 11.0 [level 11.1]
    Renderer: NVIDIA GeForce GTX 1080 Ti (ID=0x1b06)
    Vendor:   
    VRAM:     11127 MB
    Driver:   27.21.14.6589
Initialize mono
Mono path[0] = 'C:/Program Files/Unity/Hub/Editor/2020.3.4f1/Editor/Data/Managed'
Mono path[1] = 'C:/Program Files/Unity/Hub/Editor/2020.3.4f1/Editor/Data/MonoBleedingEdge/lib/mono/unityjit'
Mono config path = 'C:/Program Files/Unity/Hub/Editor/2020.3.4f1/Editor/Data/MonoBleedingEdge/etc'
Using monoOptions --debugger-agent=transport=dt_socket,embedding=1,server=y,suspend=n,address=127.0.0.1:56364
Begin MonoManager ReloadAssembly
Registering precompiled unity dll's ...
Register platform support module: C:/Program Files/Unity/Hub/Editor/2020.3.4f1/Editor/Data/PlaybackEngines/WindowsStandaloneSupport/UnityEditor.WindowsStandalone.Extensions.dll
Registered in 0.133392 seconds.
Native extension for WindowsStandalone target not found
Refreshing native plugins compatible for Editor in 28.49 ms, found 0 plugins.
Preloading 0 native plugins for Editor in 0.00 ms.
Mono: successfully reloaded assembly
- Completed reload, in  3.608 seconds
Platform modules already initialized, skipping
Registering precompiled user dll's ...
Registered in 0.155399 seconds.
Begin MonoManager ReloadAssembly
Native extension for WindowsStandalone target not found
Refreshing native plugins compatible for Editor in 0.26 ms, found 0 plugins.
Preloading 0 native plugins for Editor in 0.00 ms.
Mono: successfully reloaded assembly
- Completed reload, in  4.701 seconds
Platform modules already initialized, skipping
========================================================================
Worker process is ready to serve import requests
Launched and connected shader compiler UnityShaderCompiler.exe after 0.08 seconds
Refreshing native plugins compatible for Editor in 0.24 ms, found 0 plugins.
Preloading 0 native plugins for Editor in 0.00 ms.
Unloading 1607 Unused Serialized files (Serialized files now loaded: 0)
System memory in use before: 82.8 MB.
System memory in use after: 82.9 MB.

Unloading 15 unused Assets to reduce memory usage. Loaded Objects now: 2048.
Total: 2.049700 ms (FindLiveObjects: 0.146000 ms CreateObjectMapping: 0.050900 ms MarkObjects: 1.782700 ms  DeleteObjects: 0.069200 ms)

========================================================================
Received Import Request.
  path: Assets/Scripts/Server.cs
  artifactKey: Guid(a7290903644ee7445989aec986378529) Importer(815301076,1909f56bfc062723c751e8b465ee728b)
Start importing Assets/Scripts/Server.cs using Guid(a7290903644ee7445989aec986378529) Importer(815301076,1909f56bfc062723c751e8b465ee728b)  -> (artifact id: 'e8f5ae0f8c643a112783b015df23b2b7') in 0.043117 seconds
  Import took 0.045338 seconds .

========================================================================
Received Import Request.
  Time since last request: 68.077970 seconds.
  path: Assets/Scripts/Server.cs
  artifactKey: Guid(a7290903644ee7445989aec986378529) Importer(815301076,1909f56bfc062723c751e8b465ee728b)
Start importing Assets/Scripts/Server.cs using Guid(a7290903644ee7445989aec986378529) Importer(815301076,1909f56bfc062723c751e8b465ee728b)  -> (artifact id: '8cbff6baefcec1b9c6c88693336d8ff1') in 0.002284 seconds
  Import took 0.004521 seconds .

========================================================================
Received Import Request.
  Time since last request: 17.651828 seconds.
  path: Assets/Scripts/Messages/NetworkSpawn.cs
  artifactKey: Guid(585bfe84073b80247a843c2658d79169) Importer(815301076,1909f56bfc062723c751e8b465ee728b)
Start importing Assets/Scripts/Messages/NetworkSpawn.cs using Guid(585bfe84073b80247a843c2658d79169) Importer(815301076,1909f56bfc062723c751e8b465ee728b)  -> (artifact id: 'c6468dd4baf661b8e06891660cf73ebb') in 0.007887 seconds
  Import took 0.010479 seconds .

========================================================================
Received Import Request.
  Time since last request: 23.311527 seconds.
  path: Assets/Scripts/Messages/NetworkSpawnMessage.cs
  artifactKey: Guid(585bfe84073b80247a843c2658d79169) Importer(815301076,1909f56bfc062723c751e8b465ee728b)
Start importing Assets/Scripts/Messages/NetworkSpawnMessage.cs using Guid(585bfe84073b80247a843c2658d79169) Importer(815301076,1909f56bfc062723c751e8b465ee728b)  -> (artifact id: '23035b2614bbb847973a261c69027756') in 0.008659 seconds
  Import took 0.012035 seconds .

========================================================================
Received Import Request.
  Time since last request: 47.119593 seconds.
  path: Assets/Scripts/Messages/NetworkSpawnMessage.cs
  artifactKey: Guid(585bfe84073b80247a843c2658d79169) Importer(815301076,1909f56bfc062723c751e8b465ee728b)
Start importing Assets/Scripts/Messages/NetworkSpawnMessage.cs using Guid(585bfe84073b80247a843c2658d79169) Importer(815301076,1909f56bfc062723c751e8b465ee728b)  -> (artifact id: '1b429ad219086bf5f948ad7da1d03b02') in 0.002191 seconds
  Import took 0.004766 seconds .

========================================================================
Received Import Request.
  Time since last request: 90.025695 seconds.
  path: Assets/Scripts/Messages/NetworkSpawnMessage.cs
  artifactKey: Guid(585bfe84073b80247a843c2658d79169) Importer(815301076,1909f56bfc062723c751e8b465ee728b)
Start importing Assets/Scripts/Messages/NetworkSpawnMessage.cs using Guid(585bfe84073b80247a843c2658d79169) Importer(815301076,1909f56bfc062723c751e8b465ee728b)  -> (artifact id: '90f8e6f6a7b73a537ceef8c76bbfe1cc') in 0.002380 seconds
  Import took 0.004915 seconds .

========================================================================
Received Import Request.
  Time since last request: 47.566648 seconds.
  path: Assets/Scripts/Messages/NetworkSpawnMessage.cs
  artifactKey: Guid(585bfe84073b80247a843c2658d79169) Importer(815301076,1909f56bfc062723c751e8b465ee728b)
Start importing Assets/Scripts/Messages/NetworkSpawnMessage.cs using Guid(585bfe84073b80247a843c2658d79169) Importer(815301076,1909f56bfc062723c751e8b465ee728b)  -> (artifact id: '362080871318049a02c923edb833568f') in 0.002256 seconds
  Import took 0.004496 seconds .

========================================================================
Received Import Request.
  Time since last request: 38.965333 seconds.
  path: Assets/Scripts/Messages/NetworkSpawnMessage.cs
  artifactKey: Guid(585bfe84073b80247a843c2658d79169) Importer(815301076,1909f56bfc062723c751e8b465ee728b)
Start importing Assets/Scripts/Messages/NetworkSpawnMessage.cs using Guid(585bfe84073b80247a843c2658d79169) Importer(815301076,1909f56bfc062723c751e8b465ee728b)  -> (artifact id: 'fd7e5a046a94b3bc899fbfe3c4005c14') in 0.003111 seconds
  Import took 0.005397 seconds .

========================================================================
Received Import Request.
  Time since last request: 28.948151 seconds.
  path: Assets/Scripts/Messages/NetworkSpawnMessage.cs
  artifactKey: Guid(585bfe84073b80247a843c2658d79169) Importer(815301076,1909f56bfc062723c751e8b465ee728b)
Start importing Assets/Scripts/Messages/NetworkSpawnMessage.cs using Guid(585bfe84073b80247a843c2658d79169) Importer(815301076,1909f56bfc062723c751e8b465ee728b)  -> (artifact id: 'fb908634886f636d3d47c0532a155a8d') in 0.002616 seconds
  Import took 0.004803 seconds .

========================================================================
Received Import Request.
  Time since last request: 61.419193 seconds.
  path: Assets/Scripts/Messages/NetworkSpawnMessage.cs
  artifactKey: Guid(585bfe84073b80247a843c2658d79169) Importer(815301076,1909f56bfc062723c751e8b465ee728b)
Start importing Assets/Scripts/Messages/NetworkSpawnMessage.cs using Guid(585bfe84073b80247a843c2658d79169) Importer(815301076,1909f56bfc062723c751e8b465ee728b)  -> (artifact id: '0104a6a1395e8bec5e2b69bf57f1c97c') in 0.002536 seconds
  Import took 0.005175 seconds .

========================================================================
Received Import Request.
  Time since last request: 30.187839 seconds.
  path: Assets/Scripts/Messages/NetworkSpawnMessage.cs
  artifactKey: Guid(585bfe84073b80247a843c2658d79169) Importer(815301076,1909f56bfc062723c751e8b465ee728b)
Start importing Assets/Scripts/Messages/NetworkSpawnMessage.cs using Guid(585bfe84073b80247a843c2658d79169) Importer(815301076,1909f56bfc062723c751e8b465ee728b)  -> (artifact id: '5cf4dd073791ab2ff8223b306dc868e5') in 0.002335 seconds
  Import took 0.004625 seconds .

========================================================================
Received Import Request.
  Time since last request: 19.470597 seconds.
  path: Assets/Scripts/Messages/NetworkSpawnMessage.cs
  artifactKey: Guid(585bfe84073b80247a843c2658d79169) Importer(815301076,1909f56bfc062723c751e8b465ee728b)
Start importing Assets/Scripts/Messages/NetworkSpawnMessage.cs using Guid(585bfe84073b80247a843c2658d79169) Importer(815301076,1909f56bfc062723c751e8b465ee728b)  -> (artifact id: 'e7414390394921c0fc22553154d43a51') in 0.002785 seconds
  Import took 0.005138 seconds .

========================================================================
Received Import Request.
  Time since last request: 33.036929 seconds.
  path: Assets/Scripts/Messages/NetworkSpawnMessage.cs
  artifactKey: Guid(585bfe84073b80247a843c2658d79169) Importer(815301076,1909f56bfc062723c751e8b465ee728b)
Start importing Assets/Scripts/Messages/NetworkSpawnMessage.cs using Guid(585bfe84073b80247a843c2658d79169) Importer(815301076,1909f56bfc062723c751e8b465ee728b)  -> (artifact id: '42bcb54f9fed148b965741c1ed09ed51') in 0.002775 seconds
  Import took 0.005517 seconds .

========================================================================
Received Import Request.
  Time since last request: 10.027746 seconds.
  path: Assets/Scripts/Messages/NetworkSpawnMessage.cs
  artifactKey: Guid(585bfe84073b80247a843c2658d79169) Importer(815301076,1909f56bfc062723c751e8b465ee728b)
Start importing Assets/Scripts/Messages/NetworkSpawnMessage.cs using Guid(585bfe84073b80247a843c2658d79169) Importer(815301076,1909f56bfc062723c751e8b465ee728b)  -> (artifact id: 'f869dc306caddb9ee0a07a73142cb732') in 0.002408 seconds
  Import took 0.004579 seconds .

========================================================================
Received Prepare
Registering precompiled user dll's ...
Registered in 0.018064 seconds.
Begin MonoManager ReloadAssembly
Native extension for WindowsStandalone target not found
Refreshing native plugins compatible for Editor in 0.25 ms, found 0 plugins.
Preloading 0 native plugins for Editor in 0.00 ms.
Mono: successfully reloaded assembly
- Completed reload, in  0.953 seconds
Platform modules already initialized, skipping
Refreshing native plugins compatible for Editor in 0.25 ms, found 0 plugins.
Preloading 0 native plugins for Editor in 0.00 ms.
Unloading 1602 Unused Serialized files (Serialized files now loaded: 0)
System memory in use before: 82.7 MB.
System memory in use after: 82.8 MB.

Unloading 10 unused Assets to reduce memory usage. Loaded Objects now: 2054.
Total: 2.001300 ms (FindLiveObjects: 0.162900 ms CreateObjectMapping: 0.053400 ms MarkObjects: 1.703100 ms  DeleteObjects: 0.080800 ms)

AssetImportWorkerClient::OnTransportError - code=2 error=End of file
